<?xml version="1.0" encoding="UTF-8"?>
<!-- Generated by org.testng.reporters.JUnitXMLReporter -->
<testsuite ignored="0" hostname="MacBook-Pro-Artem.local" failures="0" tests="10" name="Command line test" time="45.859" errors="0" timestamp="25 дек. 2018 18:24:01 GMT">
  <testcase classname="by.bsu.flyuia.index.FlyUiaTest" name="ableToHideReturnDateCalendarAfterOneWayChoice" time="3.088"/>
  <testcase classname="by.bsu.flyuia.index.FlyUiaTest" name="isAbleToDisplayCarRentChoice" time="3.324"/>
  <testcase classname="by.bsu.flyuia.index.FlyUiaTest" name="isAbleToDisplayHandlingChoice" time="3.358"/>
  <testcase classname="by.bsu.flyuia.index.FlyUiaTest" name="isAbleToDisplayHotelChoice" time="2.665"/>
  <testcase classname="by.bsu.flyuia.index.FlyUiaTest" name="isAbleToDisplayInsuranceChoice" time="3.099"/>
  <testcase classname="by.bsu.flyuia.index.FlyUiaTest" name="isAbleToDisplayMealChoice" time="3.673"/>
  <testcase classname="by.bsu.flyuia.index.FlyUiaTest" name="isAbleToDisplayMultipleDestinationsChoice" time="3.429"/>
  <testcase classname="by.bsu.flyuia.index.FlyUiaTest" name="preventsDirectInput" time="2.208"/>
  <testcase classname="by.bsu.flyuia.index.FlyUiaTest" name="preventsEmptySearch" time="6.361"/>
  <testcase classname="by.bsu.flyuia.index.FlyUiaTest" name="preventsInputWithSameFromTo" time="11.836"/>
</testsuite> <!-- Command line test -->
