<?xml version="1.0" encoding="UTF-8" ?>
<testsuite tests="10" failures="0" name="by.bsu.flyuia.index.FlyUiaTest" time="43.038" errors="0" skipped="0">
  <properties>
[...]
</properties>
  <testcase classname="by.bsu.flyuia.index.FlyUiaTest" name="ableToHideReturnDateCalendarAfterOneWayChoice" time="3.089"/>
  <testcase classname="by.bsu.flyuia.index.FlyUiaTest" name="isAbleToDisplayCarRentChoice" time="3.323"/>
  <testcase classname="by.bsu.flyuia.index.FlyUiaTest" name="isAbleToDisplayHandlingChoice" time="3.358"/>
  <testcase classname="by.bsu.flyuia.index.FlyUiaTest" name="isAbleToDisplayHotelChoice" time="2.665"/>
  <testcase classname="by.bsu.flyuia.index.FlyUiaTest" name="isAbleToDisplayInsuranceChoice" time="3.099"/>
  <testcase classname="by.bsu.flyuia.index.FlyUiaTest" name="isAbleToDisplayMealChoice" time="3.672"/>
  <testcase classname="by.bsu.flyuia.index.FlyUiaTest" name="isAbleToDisplayMultipleDestinationsChoice" time="3.43"/>
  <testcase classname="by.bsu.flyuia.index.FlyUiaTest" name="preventsDirectInput" time="2.206"/>
  <testcase classname="by.bsu.flyuia.index.FlyUiaTest" name="preventsEmptySearch" time="6.361"/>
  <testcase classname="by.bsu.flyuia.index.FlyUiaTest" name="preventsInputWithSameFromTo" time="11.835"/>
</testsuite>